<?xml version="1.0" encoding="UTF-8"?>
<!-- Generated by org.testng.reporters.JUnitReportReporter -->
<testsuite hostname="TRPRDTQPDYY0-L" failures="0" tests="2" name="Tests.Testcases" time="65.975" errors="0" timestamp="2022-05-23T19:57:50 IST" skipped="0">
  <testcase classname="Tests.Testcases" name="PrintPriceAfterAdditionOfQuantity" time="28.105"/>
  <system-out/>
  <testcase classname="Tests.Testcases" name="VerifyWhichSiteIsGivingCheaperRate" time="37.870"/>
  <system-out/>
</testsuite> <!-- Tests.Testcases -->
