<?xml version="1.0" encoding="UTF-8"?>
<!-- Generated by org.testng.reporters.JUnitReportReporter -->
<testsuite hostname="TRPRDTQPDYY0-L" failures="0" tests="2" name="Tests.Testcases" time="54.427" errors="0" timestamp="2022-05-23T17:23:36 IST" skipped="0">
  <testcase classname="Tests.Testcases" name="PrintPriceAfterAdditionOfQuantity" time="27.394"/>
  <system-out/>
  <testcase classname="Tests.Testcases" name="FindWhichSiteIsGivingCheaperRate" time="27.033"/>
  <system-out/>
</testsuite> <!-- Tests.Testcases -->
